Введите своё имя: 
Добро пожаловать test!
test: kak dela
[19:17:00] test: kak dela
test: normaldaki))
test: 
test: test 123321321 32112331 
test: dsdsdsds
test: nir
Введите своё имя: 
Добро пожаловать vovka name!
Введите ваше имя:
Добро пожаловать в чат, !
Введите ваше имя:
Добро пожаловать в чат, Введите ваше имя:!
[19:22:41] Введите ваше имя:: vova
Добро пожаловать в чат, Введите ваше имя:!
Введите ваше имя:: Вова
[19:24:22] Введите ваше имя:: Вова
Добро пожаловать в чат, Введите ваше имя:!
Добро пожаловать в чат, Vova!
Введите ваше имя:: Vova
Введите ваше имя:: Всем привет!
[19:26:10] Vova: Всем привет!
Добро пожаловать в чат, NeVova!
Введите ваше имя:: NeVova
Введите ваше имя:: Тебе тоже привет вова
[19:26:29] NeVova: Тебе тоже привет вова
